<?xml version="1.0" encoding="UTF-8"?>
<testsuite xmlns:xsi="http://www.w3.org/2001/XMLSchema-instance" xsi:noNamespaceSchemaLocation="https://maven.apache.org/surefire/maven-surefire-plugin/xsd/surefire-test-report.xsd" version="3.0.2" name="io.github.carstenartur.jgit.storage.hibernate.RepositoryNameTest" time="0.031" tests="3" errors="0" skipped="0" failures="0" flakes="0">
  <properties>
[...]
</properties>
  <testcase name="rejectsBlankName" classname="io.github.carstenartur.jgit.storage.hibernate.RepositoryNameTest" time="0.011"/>
  <testcase name="acceptsNonBlankName" classname="io.github.carstenartur.jgit.storage.hibernate.RepositoryNameTest" time="0.007"/>
  <testcase name="rejectsMissingName" classname="io.github.carstenartur.jgit.storage.hibernate.RepositoryNameTest" time="0.002"/>
</testsuite>